<?xml version="1.0" encoding="UTF-8"?>
<testsuite name="com.mediscreen.app.MediscreenAppApplicationTests" tests="1" skipped="0" failures="0" errors="0" timestamp="2022-04-22T13:29:49" hostname="iMac-de-Admin.local" time="0.998">
  <properties/>
  <testcase name="contextLoads()" classname="com.mediscreen.app.MediscreenAppApplicationTests" time="0.998"/>
  <system-out><![CDATA[15:29:43.367 [Test worker] DEBUG org.springframework.test.context.BootstrapUtils - Instantiating CacheAwareContextLoaderDelegate from class [org.springframework.test.context.cache.DefaultCacheAwareContextLoaderDelegate]
15:29:43.407 [Test worker] DEBUG org.springframework.test.context.BootstrapUtils - Instantiating BootstrapContext using constructor [public org.springframework.test.context.support.DefaultBootstrapContext(java.lang.Class,org.springframework.test.context.CacheAwareContextLoaderDelegate)]
15:29:43.540 [Test worker] DEBUG org.springframework.test.context.BootstrapUtils - Instantiating TestContextBootstrapper for test class [com.mediscreen.app.MediscreenAppApplicationTests] from class [org.springframework.boot.test.context.SpringBootTestContextBootstrapper]
15:29:43.577 [Test worker] INFO org.springframework.boot.test.context.SpringBootTestContextBootstrapper - Neither @ContextConfiguration nor @ContextHierarchy found for test class [com.mediscreen.app.MediscreenAppApplicationTests], using SpringBootContextLoader
15:29:43.595 [Test worker] DEBUG org.springframework.test.context.support.AbstractContextLoader - Did not detect default resource location for test class [com.mediscreen.app.MediscreenAppApplicationTests]: class path resource [com/mediscreen/app/MediscreenAppApplicationTests-context.xml] does not exist
15:29:43.601 [Test worker] DEBUG org.springframework.test.context.support.AbstractContextLoader - Did not detect default resource location for test class [com.mediscreen.app.MediscreenAppApplicationTests]: class path resource [com/mediscreen/app/MediscreenAppApplicationTestsContext.groovy] does not exist
15:29:43.603 [Test worker] INFO org.springframework.test.context.support.AbstractContextLoader - Could not detect default resource locations for test class [com.mediscreen.app.MediscreenAppApplicationTests]: no resource found for suffixes {-context.xml, Context.groovy}.
15:29:43.611 [Test worker] INFO org.springframework.test.context.support.AnnotationConfigContextLoaderUtils - Could not detect default configuration classes for test class [com.mediscreen.app.MediscreenAppApplicationTests]: MediscreenAppApplicationTests does not declare any static, non-private, non-final, nested classes annotated with @Configuration.
15:29:43.792 [Test worker] DEBUG org.springframework.test.context.support.ActiveProfilesUtils - Could not find an 'annotation declaring class' for annotation type [org.springframework.test.context.ActiveProfiles] and class [com.mediscreen.app.MediscreenAppApplicationTests]
15:29:44.057 [Test worker] DEBUG org.springframework.context.annotation.ClassPathScanningCandidateComponentProvider - Identified candidate component class: file [/Users/mac/Desktop/OC/eclipse-workplace/MediscreenApp/build/classes/java/main/com/mediscreen/app/MediscreenAppApplication.class]
15:29:44.059 [Test worker] INFO org.springframework.boot.test.context.SpringBootTestContextBootstrapper - Found @SpringBootConfiguration com.mediscreen.app.MediscreenAppApplication for test class com.mediscreen.app.MediscreenAppApplicationTests
15:29:44.339 [Test worker] DEBUG org.springframework.boot.test.context.SpringBootTestContextBootstrapper - @TestExecutionListeners is not present for class [com.mediscreen.app.MediscreenAppApplicationTests]: using defaults.
15:29:44.341 [Test worker] INFO org.springframework.boot.test.context.SpringBootTestContextBootstrapper - Loaded default TestExecutionListener class names from location [META-INF/spring.factories]: [org.springframework.boot.test.autoconfigure.restdocs.RestDocsTestExecutionListener, org.springframework.boot.test.autoconfigure.web.client.MockRestServiceServerResetTestExecutionListener, org.springframework.boot.test.autoconfigure.web.servlet.MockMvcPrintOnlyOnFailureTestExecutionListener, org.springframework.boot.test.autoconfigure.web.servlet.WebDriverTestExecutionListener, org.springframework.boot.test.autoconfigure.webservices.client.MockWebServiceServerTestExecutionListener, org.springframework.boot.test.mock.mockito.MockitoTestExecutionListener, org.springframework.boot.test.mock.mockito.ResetMocksTestExecutionListener, org.springframework.test.context.web.ServletTestExecutionListener, org.springframework.test.context.support.DirtiesContextBeforeModesTestExecutionListener, org.springframework.test.context.event.ApplicationEventsTestExecutionListener, org.springframework.test.context.support.DependencyInjectionTestExecutionListener, org.springframework.test.context.support.DirtiesContextTestExecutionListener, org.springframework.test.context.transaction.TransactionalTestExecutionListener, org.springframework.test.context.jdbc.SqlScriptsTestExecutionListener, org.springframework.test.context.event.EventPublishingTestExecutionListener]
15:29:44.390 [Test worker] INFO org.springframework.boot.test.context.SpringBootTestContextBootstrapper - Using TestExecutionListeners: [org.springframework.test.context.web.ServletTestExecutionListener@1f013047, org.springframework.test.context.support.DirtiesContextBeforeModesTestExecutionListener@16361e61, org.springframework.test.context.event.ApplicationEventsTestExecutionListener@51566ce0, org.springframework.boot.test.mock.mockito.MockitoTestExecutionListener@1734b1a, org.springframework.boot.test.autoconfigure.SpringBootDependencyInjectionTestExecutionListener@17e6d07b, org.springframework.test.context.support.DirtiesContextTestExecutionListener@318511f0, org.springframework.test.context.transaction.TransactionalTestExecutionListener@53564a4c, org.springframework.test.context.jdbc.SqlScriptsTestExecutionListener@4866e0a7, org.springframework.test.context.event.EventPublishingTestExecutionListener@69a294d8, org.springframework.boot.test.autoconfigure.restdocs.RestDocsTestExecutionListener@70b1028d, org.springframework.boot.test.autoconfigure.web.client.MockRestServiceServerResetTestExecutionListener@11d422fd, org.springframework.boot.test.autoconfigure.web.servlet.MockMvcPrintOnlyOnFailureTestExecutionListener@6e489bb8, org.springframework.boot.test.autoconfigure.web.servlet.WebDriverTestExecutionListener@1331d6fd, org.springframework.boot.test.autoconfigure.webservices.client.MockWebServiceServerTestExecutionListener@6b6c0b7c, org.springframework.boot.test.mock.mockito.ResetMocksTestExecutionListener@5b1f0f26]
15:29:44.398 [Test worker] DEBUG org.springframework.test.context.support.AbstractDirtiesContextTestExecutionListener - Before test class: context [DefaultTestContext@570127fa testClass = MediscreenAppApplicationTests, testInstance = [null], testMethod = [null], testException = [null], mergedContextConfiguration = [WebMergedContextConfiguration@5b324447 testClass = MediscreenAppApplicationTests, locations = '{}', classes = '{class com.mediscreen.app.MediscreenAppApplication}', contextInitializerClasses = '[]', activeProfiles = '{}', propertySourceLocations = '{}', propertySourceProperties = '{org.springframework.boot.test.context.SpringBootTestContextBootstrapper=true}', contextCustomizers = set[org.springframework.boot.test.autoconfigure.actuate.metrics.MetricsExportContextCustomizerFactory$DisableMetricExportContextCustomizer@4e5c8ef3, org.springframework.boot.test.autoconfigure.properties.PropertyMappingContextCustomizer@0, org.springframework.boot.test.autoconfigure.web.servlet.WebDriverContextCustomizerFactory$Customizer@75ad30c1, org.springframework.boot.test.context.filter.ExcludeFilterContextCustomizer@ad0bb4e, org.springframework.boot.test.json.DuplicateJsonObjectContextCustomizerFactory$DuplicateJsonObjectContextCustomizer@5c4f4330, org.springframework.boot.test.mock.mockito.MockitoContextCustomizer@0, org.springframework.boot.test.web.client.TestRestTemplateContextCustomizer@9729a97, org.springframework.boot.test.context.SpringBootTestArgs@1, org.springframework.boot.test.context.SpringBootTestWebEnvironment@2954b5ea], resourceBasePath = 'src/main/webapp', contextLoader = 'org.springframework.boot.test.context.SpringBootContextLoader', parent = [null]], attributes = map['org.springframework.test.context.web.ServletTestExecutionListener.activateListener' -> true]], class annotated with @DirtiesContext [false] with mode [null].

  .   ____          _            __ _ _
 /\\ / ___'_ __ _ _(_)_ __  __ _ \ \ \ \
( ( )\___ | '_ | '_| | '_ \/ _` | \ \ \ \
 \\/  ___)| |_)| | | | | || (_| |  ) ) ) )
  '  |____| .__|_| |_|_| |_\__, | / / / /
 =========|_|==============|___/=/_/_/_/
 :: Spring Boot ::                (v2.6.3)

]]></system-out>
  <system-err><![CDATA[]]></system-err>
</testsuite>
