<?xml version="1.0" encoding="UTF-8"?>
<testsuite name="com.mediscreen.app.MediscreenAppApplicationTests" tests="1" skipped="0" failures="0" errors="0" timestamp="2022-04-12T13:32:21" hostname="iMac-de-Admin.local" time="0.528">
  <properties/>
  <testcase name="contextLoads()" classname="com.mediscreen.app.MediscreenAppApplicationTests" time="0.528"/>
  <system-out><![CDATA[15:32:16.715 [Test worker] DEBUG org.springframework.test.context.BootstrapUtils - Instantiating CacheAwareContextLoaderDelegate from class [org.springframework.test.context.cache.DefaultCacheAwareContextLoaderDelegate]
15:32:16.758 [Test worker] DEBUG org.springframework.test.context.BootstrapUtils - Instantiating BootstrapContext using constructor [public org.springframework.test.context.support.DefaultBootstrapContext(java.lang.Class,org.springframework.test.context.CacheAwareContextLoaderDelegate)]
15:32:16.856 [Test worker] DEBUG org.springframework.test.context.BootstrapUtils - Instantiating TestContextBootstrapper for test class [com.mediscreen.app.MediscreenAppApplicationTests] from class [org.springframework.boot.test.context.SpringBootTestContextBootstrapper]
15:32:16.876 [Test worker] INFO org.springframework.boot.test.context.SpringBootTestContextBootstrapper - Neither @ContextConfiguration nor @ContextHierarchy found for test class [com.mediscreen.app.MediscreenAppApplicationTests], using SpringBootContextLoader
15:32:16.887 [Test worker] DEBUG org.springframework.test.context.support.AbstractContextLoader - Did not detect default resource location for test class [com.mediscreen.app.MediscreenAppApplicationTests]: class path resource [com/mediscreen/app/MediscreenAppApplicationTests-context.xml] does not exist
15:32:16.888 [Test worker] DEBUG org.springframework.test.context.support.AbstractContextLoader - Did not detect default resource location for test class [com.mediscreen.app.MediscreenAppApplicationTests]: class path resource [com/mediscreen/app/MediscreenAppApplicationTestsContext.groovy] does not exist
15:32:16.888 [Test worker] INFO org.springframework.test.context.support.AbstractContextLoader - Could not detect default resource locations for test class [com.mediscreen.app.MediscreenAppApplicationTests]: no resource found for suffixes {-context.xml, Context.groovy}.
15:32:16.890 [Test worker] INFO org.springframework.test.context.support.AnnotationConfigContextLoaderUtils - Could not detect default configuration classes for test class [com.mediscreen.app.MediscreenAppApplicationTests]: MediscreenAppApplicationTests does not declare any static, non-private, non-final, nested classes annotated with @Configuration.
15:32:16.971 [Test worker] DEBUG org.springframework.test.context.support.ActiveProfilesUtils - Could not find an 'annotation declaring class' for annotation type [org.springframework.test.context.ActiveProfiles] and class [com.mediscreen.app.MediscreenAppApplicationTests]
15:32:17.095 [Test worker] DEBUG org.springframework.context.annotation.ClassPathScanningCandidateComponentProvider - Identified candidate component class: file [/Users/mac/Desktop/OC/eclipse-workplace/MediscreenApp/build/classes/java/main/com/mediscreen/app/MediscreenAppApplication.class]
15:32:17.097 [Test worker] INFO org.springframework.boot.test.context.SpringBootTestContextBootstrapper - Found @SpringBootConfiguration com.mediscreen.app.MediscreenAppApplication for test class com.mediscreen.app.MediscreenAppApplicationTests
15:32:17.290 [Test worker] DEBUG org.springframework.boot.test.context.SpringBootTestContextBootstrapper - @TestExecutionListeners is not present for class [com.mediscreen.app.MediscreenAppApplicationTests]: using defaults.
15:32:17.291 [Test worker] INFO org.springframework.boot.test.context.SpringBootTestContextBootstrapper - Loaded default TestExecutionListener class names from location [META-INF/spring.factories]: [org.springframework.boot.test.autoconfigure.restdocs.RestDocsTestExecutionListener, org.springframework.boot.test.autoconfigure.web.client.MockRestServiceServerResetTestExecutionListener, org.springframework.boot.test.autoconfigure.web.servlet.MockMvcPrintOnlyOnFailureTestExecutionListener, org.springframework.boot.test.autoconfigure.web.servlet.WebDriverTestExecutionListener, org.springframework.boot.test.autoconfigure.webservices.client.MockWebServiceServerTestExecutionListener, org.springframework.boot.test.mock.mockito.MockitoTestExecutionListener, org.springframework.boot.test.mock.mockito.ResetMocksTestExecutionListener, org.springframework.test.context.web.ServletTestExecutionListener, org.springframework.test.context.support.DirtiesContextBeforeModesTestExecutionListener, org.springframework.test.context.event.ApplicationEventsTestExecutionListener, org.springframework.test.context.support.DependencyInjectionTestExecutionListener, org.springframework.test.context.support.DirtiesContextTestExecutionListener, org.springframework.test.context.transaction.TransactionalTestExecutionListener, org.springframework.test.context.jdbc.SqlScriptsTestExecutionListener, org.springframework.test.context.event.EventPublishingTestExecutionListener]
15:32:17.336 [Test worker] INFO org.springframework.boot.test.context.SpringBootTestContextBootstrapper - Using TestExecutionListeners: [org.springframework.test.context.web.ServletTestExecutionListener@fe38c0e, org.springframework.test.context.support.DirtiesContextBeforeModesTestExecutionListener@6167c42f, org.springframework.test.context.event.ApplicationEventsTestExecutionListener@2cbc2db2, org.springframework.boot.test.mock.mockito.MockitoTestExecutionListener@2de96eba, org.springframework.boot.test.autoconfigure.SpringBootDependencyInjectionTestExecutionListener@3ef914f5, org.springframework.test.context.support.DirtiesContextTestExecutionListener@61e0f9b9, org.springframework.test.context.transaction.TransactionalTestExecutionListener@2c7c898a, org.springframework.test.context.jdbc.SqlScriptsTestExecutionListener@4a86be01, org.springframework.test.context.event.EventPublishingTestExecutionListener@3cae4518, org.springframework.boot.test.autoconfigure.restdocs.RestDocsTestExecutionListener@5a654e05, org.springframework.boot.test.autoconfigure.web.client.MockRestServiceServerResetTestExecutionListener@121dac1a, org.springframework.boot.test.autoconfigure.web.servlet.MockMvcPrintOnlyOnFailureTestExecutionListener@6d946eee, org.springframework.boot.test.autoconfigure.web.servlet.WebDriverTestExecutionListener@23dc70c1, org.springframework.boot.test.autoconfigure.webservices.client.MockWebServiceServerTestExecutionListener@53b907d9, org.springframework.boot.test.mock.mockito.ResetMocksTestExecutionListener@2c3b0cc8]
15:32:17.343 [Test worker] DEBUG org.springframework.test.context.support.AbstractDirtiesContextTestExecutionListener - Before test class: context [DefaultTestContext@5516ee5 testClass = MediscreenAppApplicationTests, testInstance = [null], testMethod = [null], testException = [null], mergedContextConfiguration = [WebMergedContextConfiguration@6765b6a2 testClass = MediscreenAppApplicationTests, locations = '{}', classes = '{class com.mediscreen.app.MediscreenAppApplication}', contextInitializerClasses = '[]', activeProfiles = '{}', propertySourceLocations = '{}', propertySourceProperties = '{org.springframework.boot.test.context.SpringBootTestContextBootstrapper=true}', contextCustomizers = set[org.springframework.boot.test.autoconfigure.actuate.metrics.MetricsExportContextCustomizerFactory$DisableMetricExportContextCustomizer@730bea0, org.springframework.boot.test.autoconfigure.properties.PropertyMappingContextCustomizer@0, org.springframework.boot.test.autoconfigure.web.servlet.WebDriverContextCustomizerFactory$Customizer@582dcd35, org.springframework.boot.test.context.filter.ExcludeFilterContextCustomizer@638afcaa, org.springframework.boot.test.json.DuplicateJsonObjectContextCustomizerFactory$DuplicateJsonObjectContextCustomizer@58164e9a, org.springframework.boot.test.mock.mockito.MockitoContextCustomizer@0, org.springframework.boot.test.web.client.TestRestTemplateContextCustomizer@3c28181b, org.springframework.boot.test.context.SpringBootTestArgs@1, org.springframework.boot.test.context.SpringBootTestWebEnvironment@54bca971], resourceBasePath = 'src/main/webapp', contextLoader = 'org.springframework.boot.test.context.SpringBootContextLoader', parent = [null]], attributes = map['org.springframework.test.context.web.ServletTestExecutionListener.activateListener' -> true]], class annotated with @DirtiesContext [false] with mode [null].

  .   ____          _            __ _ _
 /\\ / ___'_ __ _ _(_)_ __  __ _ \ \ \ \
( ( )\___ | '_ | '_| | '_ \/ _` | \ \ \ \
 \\/  ___)| |_)| | | | | || (_| |  ) ) ) )
  '  |____| .__|_| |_|_| |_\__, | / / / /
 =========|_|==============|___/=/_/_/_/
 :: Spring Boot ::                (v2.6.3)

]]></system-out>
  <system-err><![CDATA[]]></system-err>
</testsuite>
